0 verbose cli C:\Program Files\nodejs\node.exe C:\Users\vlammode\AppData\Roaming\npm\node_modules\npm\bin\npm-cli.js
1 info using npm@11.12.1
2 info using node@v24.11.1
3 silly config load:file:C:\Users\vlammode\AppData\Roaming\npm\node_modules\npm\npmrc
4 silly config load:file:C:\Users\vlammode\Documents\نفس\.npmrc
5 silly config load:file:C:\Users\vlammode\.npmrc
6 silly config load:file:C:\Users\vlammode\AppData\Roaming\npm\etc\npmrc
7 verbose title npm install express nodemailer cors
8 verbose argv "install" "express" "nodemailer" "cors" "--cache" ".npm-cache"
9 verbose logfile logs-max:10 dir:C:\Users\vlammode\Documents\نفس\.npm-cache\_logs\2026-04-16T09_28_34_714Z-
10 verbose logfile C:\Users\vlammode\Documents\نفس\.npm-cache\_logs\2026-04-16T09_28_34_714Z-debug-0.log
11 silly logfile done cleaning log files
12 silly packumentCache heap:2348810240 maxSize:587202560 maxEntrySize:293601280
13 silly idealTree buildDeps
14 silly fetch manifest express@*
15 silly packumentCache full:https://registry.npmjs.org/express cache-miss
16 http fetch GET 200 https://registry.npmjs.org/npm 967ms
17 http fetch GET 200 https://registry.npmjs.org/express 984ms (cache miss)
18 silly packumentCache full:https://registry.npmjs.org/express set size:undefined disposed:false
19 silly fetch manifest nodemailer@*
20 silly packumentCache full:https://registry.npmjs.org/nodemailer cache-miss
21 http fetch GET 200 https://registry.npmjs.org/nodemailer 1468ms (cache miss)
22 silly packumentCache full:https://registry.npmjs.org/nodemailer set size:undefined disposed:false
23 silly fetch manifest cors@*
24 silly packumentCache full:https://registry.npmjs.org/cors cache-miss
25 http fetch GET 200 https://registry.npmjs.org/cors 1126ms (cache miss)
26 silly packumentCache full:https://registry.npmjs.org/cors set size:undefined disposed:false
27 silly placeDep ROOT cors@2.8.6 OK for: nafas-store@1.0.0 want: *
28 silly placeDep ROOT express@5.2.1 OK for: nafas-store@1.0.0 want: *
29 silly placeDep ROOT nodemailer@8.0.5 OK for: nafas-store@1.0.0 want: *
30 silly fetch manifest object-assign@^4
31 silly packumentCache full:https://registry.npmjs.org/object-assign cache-miss
32 silly fetch manifest vary@^1
33 silly packumentCache full:https://registry.npmjs.org/vary cache-miss
34 silly fetch manifest qs@^6.14.0
35 silly packumentCache full:https://registry.npmjs.org/qs cache-miss
36 http fetch GET 200 https://registry.npmjs.org/vary 377ms (cache miss)
37 silly packumentCache full:https://registry.npmjs.org/vary set size:undefined disposed:false
38 silly fetch manifest depd@^2.0.0
39 silly packumentCache full:https://registry.npmjs.org/depd cache-miss
40 http fetch GET 200 https://registry.npmjs.org/object-assign 400ms (cache miss)
41 silly packumentCache full:https://registry.npmjs.org/object-assign set size:undefined disposed:false
42 silly fetch manifest etag@^1.8.1
43 silly packumentCache full:https://registry.npmjs.org/etag cache-miss
44 http fetch GET 200 https://registry.npmjs.org/qs 459ms (cache miss)
45 silly packumentCache full:https://registry.npmjs.org/qs set size:undefined disposed:false
46 silly fetch manifest once@^1.4.0
47 silly packumentCache full:https://registry.npmjs.org/once cache-miss
48 http fetch GET 200 https://registry.npmjs.org/depd 387ms (cache miss)
49 silly packumentCache full:https://registry.npmjs.org/depd set size:undefined disposed:false
50 silly fetch manifest send@^1.1.0
51 silly packumentCache full:https://registry.npmjs.org/send cache-miss
52 http fetch GET 200 https://registry.npmjs.org/etag 389ms (cache miss)
53 silly packumentCache full:https://registry.npmjs.org/etag set size:undefined disposed:false
54 silly fetch manifest vary@^1.1.2
55 silly packumentCache full:https://registry.npmjs.org/vary cache-miss
56 http cache https://registry.npmjs.org/vary 14ms (cache hit)
57 silly packumentCache full:https://registry.npmjs.org/vary set size:16018 disposed:false
58 silly fetch manifest debug@^4.4.0
59 silly packumentCache full:https://registry.npmjs.org/debug cache-miss
60 http fetch GET 200 https://registry.npmjs.org/once 402ms (cache miss)
61 silly packumentCache full:https://registry.npmjs.org/once set size:undefined disposed:false
62 silly fetch manifest fresh@^2.0.0
63 silly packumentCache full:https://registry.npmjs.org/fresh cache-miss
64 http fetch GET 200 https://registry.npmjs.org/send 385ms (cache miss)
65 silly packumentCache full:https://registry.npmjs.org/send set size:undefined disposed:false
66 silly fetch manifest cookie@^0.7.1
67 silly packumentCache full:https://registry.npmjs.org/cookie cache-miss
68 http fetch GET 200 https://registry.npmjs.org/debug 408ms (cache miss)
69 silly packumentCache full:https://registry.npmjs.org/debug set size:undefined disposed:false
70 silly fetch manifest router@^2.2.0
71 silly packumentCache full:https://registry.npmjs.org/router cache-miss
72 http fetch GET 200 https://registry.npmjs.org/fresh 397ms (cache miss)
73 silly packumentCache full:https://registry.npmjs.org/fresh set size:undefined disposed:false
74 silly fetch manifest accepts@^2.0.0
75 silly packumentCache full:https://registry.npmjs.org/accepts cache-miss
76 http fetch GET 200 https://registry.npmjs.org/cookie 427ms (cache miss)
77 silly packumentCache full:https://registry.npmjs.org/cookie set size:undefined disposed:false
78 silly fetch manifest type-is@^2.0.1
79 silly packumentCache full:https://registry.npmjs.org/type-is cache-miss
80 http fetch GET 200 https://registry.npmjs.org/accepts 398ms (cache miss)
81 silly packumentCache full:https://registry.npmjs.org/accepts set size:undefined disposed:false
82 silly fetch manifest parseurl@^1.3.3
83 silly packumentCache full:https://registry.npmjs.org/parseurl cache-miss
84 http fetch GET 200 https://registry.npmjs.org/parseurl 386ms (cache miss)
85 silly packumentCache full:https://registry.npmjs.org/parseurl set size:undefined disposed:false
86 silly fetch manifest statuses@^2.0.1
87 silly packumentCache full:https://registry.npmjs.org/statuses cache-miss
88 http fetch GET 200 https://registry.npmjs.org/router 1019ms (cache miss)
89 silly packumentCache full:https://registry.npmjs.org/router set size:undefined disposed:false
90 silly fetch manifest encodeurl@^2.0.0
91 silly packumentCache full:https://registry.npmjs.org/encodeurl cache-miss
92 http fetch GET 200 https://registry.npmjs.org/statuses 509ms (cache miss)
93 silly packumentCache full:https://registry.npmjs.org/statuses set size:undefined disposed:false
94 silly fetch manifest mime-types@^3.0.0
95 silly packumentCache full:https://registry.npmjs.org/mime-types cache-miss
96 http fetch GET 200 https://registry.npmjs.org/type-is 1016ms (cache miss)
97 silly packumentCache full:https://registry.npmjs.org/type-is set size:undefined disposed:false
98 silly fetch manifest proxy-addr@^2.0.7
99 silly packumentCache full:https://registry.npmjs.org/proxy-addr cache-miss
100 http fetch GET 200 https://registry.npmjs.org/encodeurl 420ms (cache miss)
101 silly packumentCache full:https://registry.npmjs.org/encodeurl set size:undefined disposed:false
102 silly fetch manifest body-parser@^2.2.1
103 silly packumentCache full:https://registry.npmjs.org/body-parser cache-miss
104 http fetch GET 200 https://registry.npmjs.org/proxy-addr 421ms (cache miss)
105 silly packumentCache full:https://registry.npmjs.org/proxy-addr set size:undefined disposed:false
106 silly fetch manifest escape-html@^1.0.3
107 silly packumentCache full:https://registry.npmjs.org/escape-html cache-miss
108 http fetch GET 200 https://registry.npmjs.org/body-parser 414ms (cache miss)
109 silly packumentCache full:https://registry.npmjs.org/body-parser set size:undefined disposed:false
110 silly fetch manifest http-errors@^2.0.0
111 silly packumentCache full:https://registry.npmjs.org/http-errors cache-miss
112 http fetch GET 200 https://registry.npmjs.org/escape-html 433ms (cache miss)
113 silly packumentCache full:https://registry.npmjs.org/escape-html set size:undefined disposed:false
114 silly fetch manifest on-finished@^2.4.1
115 silly packumentCache full:https://registry.npmjs.org/on-finished cache-miss
116 http fetch GET 200 https://registry.npmjs.org/http-errors 399ms (cache miss)
117 silly packumentCache full:https://registry.npmjs.org/http-errors set size:undefined disposed:false
118 silly fetch manifest content-type@^1.0.5
119 silly packumentCache full:https://registry.npmjs.org/content-type cache-miss
120 http fetch GET 200 https://registry.npmjs.org/mime-types 1010ms (cache miss)
121 silly packumentCache full:https://registry.npmjs.org/mime-types set size:undefined disposed:false
122 silly fetch manifest finalhandler@^2.1.0
123 silly packumentCache full:https://registry.npmjs.org/finalhandler cache-miss
124 http fetch GET 200 https://registry.npmjs.org/on-finished 401ms (cache miss)
125 silly packumentCache full:https://registry.npmjs.org/on-finished set size:undefined disposed:false
126 silly fetch manifest range-parser@^1.2.1
127 silly packumentCache full:https://registry.npmjs.org/range-parser cache-miss
128 http fetch GET 200 https://registry.npmjs.org/content-type 401ms (cache miss)
129 silly packumentCache full:https://registry.npmjs.org/content-type set size:undefined disposed:false
130 silly fetch manifest serve-static@^2.2.0
131 silly packumentCache full:https://registry.npmjs.org/serve-static cache-miss
132 http fetch GET 200 https://registry.npmjs.org/finalhandler 373ms (cache miss)
133 silly packumentCache full:https://registry.npmjs.org/finalhandler set size:undefined disposed:false
134 silly fetch manifest cookie-signature@^1.2.1
135 silly packumentCache full:https://registry.npmjs.org/cookie-signature cache-miss
136 http fetch GET 200 https://registry.npmjs.org/range-parser 400ms (cache miss)
137 silly packumentCache full:https://registry.npmjs.org/range-parser set size:undefined disposed:false
138 silly fetch manifest merge-descriptors@^2.0.0
139 silly packumentCache full:https://registry.npmjs.org/merge-descriptors cache-miss
140 http fetch GET 200 https://registry.npmjs.org/cookie-signature 368ms (cache miss)
141 silly packumentCache full:https://registry.npmjs.org/cookie-signature set size:undefined disposed:false
142 silly fetch manifest content-disposition@^1.0.0
143 silly packumentCache full:https://registry.npmjs.org/content-disposition cache-miss
144 http fetch GET 200 https://registry.npmjs.org/merge-descriptors 417ms (cache miss)
145 silly packumentCache full:https://registry.npmjs.org/merge-descriptors set size:undefined disposed:false
146 http fetch GET 200 https://registry.npmjs.org/content-disposition 390ms (cache miss)
147 silly packumentCache full:https://registry.npmjs.org/content-disposition set size:undefined disposed:false
148 http fetch GET 200 https://registry.npmjs.org/serve-static 1044ms (cache miss)
149 silly packumentCache full:https://registry.npmjs.org/serve-static set size:undefined disposed:false
150 silly placeDep ROOT object-assign@4.1.1 OK for: cors@2.8.6 want: ^4
151 silly placeDep ROOT vary@1.1.2 OK for: cors@2.8.6 want: ^1
152 silly placeDep ROOT accepts@2.0.0 OK for: express@5.2.1 want: ^2.0.0
153 silly placeDep ROOT body-parser@2.2.2 OK for: express@5.2.1 want: ^2.2.1
154 silly placeDep ROOT content-disposition@1.1.0 OK for: express@5.2.1 want: ^1.0.0
155 silly placeDep ROOT content-type@1.0.5 OK for: express@5.2.1 want: ^1.0.5
156 silly placeDep ROOT cookie@0.7.2 OK for: express@5.2.1 want: ^0.7.1
157 silly placeDep ROOT cookie-signature@1.2.2 OK for: express@5.2.1 want: ^1.2.1
158 silly placeDep ROOT debug@4.4.3 OK for: express@5.2.1 want: ^4.4.0
159 silly placeDep ROOT depd@2.0.0 OK for: express@5.2.1 want: ^2.0.0
160 silly placeDep ROOT encodeurl@2.0.0 OK for: express@5.2.1 want: ^2.0.0
161 silly placeDep ROOT escape-html@1.0.3 OK for: express@5.2.1 want: ^1.0.3
162 silly placeDep ROOT etag@1.8.1 OK for: express@5.2.1 want: ^1.8.1
163 silly placeDep ROOT finalhandler@2.1.1 OK for: express@5.2.1 want: ^2.1.0
164 silly placeDep ROOT fresh@2.0.0 OK for: express@5.2.1 want: ^2.0.0
165 silly placeDep ROOT http-errors@2.0.1 OK for: express@5.2.1 want: ^2.0.0
166 silly placeDep ROOT merge-descriptors@2.0.0 OK for: express@5.2.1 want: ^2.0.0
167 silly placeDep ROOT mime-types@3.0.2 OK for: express@5.2.1 want: ^3.0.0
168 silly placeDep ROOT on-finished@2.4.1 OK for: express@5.2.1 want: ^2.4.1
169 silly placeDep ROOT once@1.4.0 OK for: express@5.2.1 want: ^1.4.0
170 silly placeDep ROOT parseurl@1.3.3 OK for: express@5.2.1 want: ^1.3.3
171 silly placeDep ROOT proxy-addr@2.0.7 OK for: express@5.2.1 want: ^2.0.7
172 silly placeDep ROOT qs@6.15.1 OK for: express@5.2.1 want: ^6.14.0
173 silly placeDep ROOT range-parser@1.2.1 OK for: express@5.2.1 want: ^1.2.1
174 silly placeDep ROOT router@2.2.0 OK for: express@5.2.1 want: ^2.2.0
175 silly placeDep ROOT send@1.2.1 OK for: express@5.2.1 want: ^1.1.0
176 silly placeDep ROOT serve-static@2.2.1 OK for: express@5.2.1 want: ^2.2.0
177 silly placeDep ROOT statuses@2.0.2 OK for: express@5.2.1 want: ^2.0.1
178 silly placeDep ROOT type-is@2.0.1 OK for: express@5.2.1 want: ^2.0.1
179 silly fetch manifest negotiator@^1.0.0
180 silly packumentCache full:https://registry.npmjs.org/negotiator cache-miss
181 silly fetch manifest bytes@^3.1.2
182 silly packumentCache full:https://registry.npmjs.org/bytes cache-miss
183 silly fetch manifest debug@^4.4.3
184 silly packumentCache full:https://registry.npmjs.org/debug cache-miss
185 http cache https://registry.npmjs.org/debug 18ms (cache hit)
186 silly packumentCache full:https://registry.npmjs.org/debug set size:195840 disposed:false
187 silly fetch manifest iconv-lite@^0.7.0
188 silly packumentCache full:https://registry.npmjs.org/iconv-lite cache-miss
189 http fetch GET 200 https://registry.npmjs.org/bytes 405ms (cache miss)
190 silly packumentCache full:https://registry.npmjs.org/bytes set size:undefined disposed:false
191 silly fetch manifest qs@^6.14.1
192 silly packumentCache full:https://registry.npmjs.org/qs cache-miss
193 http cache https://registry.npmjs.org/qs 10ms (cache hit)
194 silly packumentCache full:https://registry.npmjs.org/qs set size:353582 disposed:false
195 silly fetch manifest raw-body@^3.0.1
196 silly packumentCache full:https://registry.npmjs.org/raw-body cache-miss
197 http fetch GET 200 https://registry.npmjs.org/negotiator 446ms (cache miss)
198 silly packumentCache full:https://registry.npmjs.org/negotiator set size:undefined disposed:false
199 silly fetch manifest ms@^2.1.3
200 silly packumentCache full:https://registry.npmjs.org/ms cache-miss
201 http fetch GET 200 https://registry.npmjs.org/iconv-lite 449ms (cache miss)
202 silly packumentCache full:https://registry.npmjs.org/iconv-lite set size:undefined disposed:false
203 silly fetch manifest inherits@~2.0.4
204 silly packumentCache full:https://registry.npmjs.org/inherits cache-miss
205 http fetch GET 200 https://registry.npmjs.org/ms 394ms (cache miss)
206 silly packumentCache full:https://registry.npmjs.org/ms set size:undefined disposed:false
207 silly fetch manifest setprototypeof@~1.2.0
208 silly packumentCache full:https://registry.npmjs.org/setprototypeof cache-miss
209 http fetch GET 200 https://registry.npmjs.org/inherits 389ms (cache miss)
210 silly packumentCache full:https://registry.npmjs.org/inherits set size:undefined disposed:false
211 silly fetch manifest statuses@~2.0.2
212 silly packumentCache full:https://registry.npmjs.org/statuses cache-miss
213 http cache https://registry.npmjs.org/statuses 17ms (cache hit)
214 silly packumentCache full:https://registry.npmjs.org/statuses set size:37117 disposed:false
215 silly fetch manifest toidentifier@~1.0.1
216 silly packumentCache full:https://registry.npmjs.org/toidentifier cache-miss
217 http fetch GET 200 https://registry.npmjs.org/setprototypeof 389ms (cache miss)
218 silly packumentCache full:https://registry.npmjs.org/setprototypeof set size:undefined disposed:false
219 silly fetch manifest mime-db@^1.54.0
220 silly packumentCache full:https://registry.npmjs.org/mime-db cache-miss
221 http fetch GET 200 https://registry.npmjs.org/toidentifier 381ms (cache miss)
222 silly packumentCache full:https://registry.npmjs.org/toidentifier set size:undefined disposed:false
223 silly fetch manifest ee-first@1.1.1
224 silly packumentCache full:https://registry.npmjs.org/ee-first cache-miss
225 http fetch GET 200 https://registry.npmjs.org/raw-body 1066ms (cache miss)
226 silly packumentCache full:https://registry.npmjs.org/raw-body set size:undefined disposed:false
227 silly fetch manifest wrappy@1
228 silly packumentCache full:https://registry.npmjs.org/wrappy cache-miss
229 http fetch GET 200 https://registry.npmjs.org/mime-db 400ms (cache miss)
230 silly packumentCache full:https://registry.npmjs.org/mime-db set size:undefined disposed:false
231 silly fetch manifest forwarded@0.2.0
232 silly packumentCache full:https://registry.npmjs.org/forwarded cache-miss
233 http fetch GET 200 https://registry.npmjs.org/ee-first 374ms (cache miss)
234 silly packumentCache full:https://registry.npmjs.org/ee-first set size:undefined disposed:false
235 silly fetch manifest ipaddr.js@1.9.1
236 silly packumentCache full:https://registry.npmjs.org/ipaddr.js cache-miss
237 http fetch GET 200 https://registry.npmjs.org/ipaddr.js 375ms (cache miss)
238 silly packumentCache full:https://registry.npmjs.org/ipaddr.js set size:undefined disposed:false
239 silly fetch manifest side-channel@^1.1.0
240 silly packumentCache full:https://registry.npmjs.org/side-channel cache-miss
241 http fetch GET 200 https://registry.npmjs.org/side-channel 389ms (cache miss)
242 silly packumentCache full:https://registry.npmjs.org/side-channel set size:undefined disposed:false
243 silly fetch manifest is-promise@^4.0.0
244 silly packumentCache full:https://registry.npmjs.org/is-promise cache-miss
245 http fetch GET 200 https://registry.npmjs.org/wrappy 1015ms (cache miss)
246 silly packumentCache full:https://registry.npmjs.org/wrappy set size:undefined disposed:false
247 silly fetch manifest path-to-regexp@^8.0.0
248 silly packumentCache full:https://registry.npmjs.org/path-to-regexp cache-miss
249 http fetch GET 200 https://registry.npmjs.org/forwarded 1037ms (cache miss)
250 silly packumentCache full:https://registry.npmjs.org/forwarded set size:undefined disposed:false
251 silly fetch manifest statuses@^2.0.2
252 silly packumentCache full:https://registry.npmjs.org/statuses cache-hit
253 silly fetch manifest media-typer@^1.1.0
254 silly packumentCache full:https://registry.npmjs.org/media-typer cache-miss
255 http fetch GET 200 https://registry.npmjs.org/is-promise 374ms (cache miss)
256 silly packumentCache full:https://registry.npmjs.org/is-promise set size:undefined disposed:false
257 http fetch GET 200 https://registry.npmjs.org/path-to-regexp 407ms (cache miss)
258 silly packumentCache full:https://registry.npmjs.org/path-to-regexp set size:undefined disposed:false
259 http fetch GET 200 https://registry.npmjs.org/media-typer 382ms (cache miss)
260 silly packumentCache full:https://registry.npmjs.org/media-typer set size:undefined disposed:false
261 silly placeDep ROOT negotiator@1.0.0 OK for: accepts@2.0.0 want: ^1.0.0
262 silly placeDep ROOT bytes@3.1.2 OK for: body-parser@2.2.2 want: ^3.1.2
263 silly placeDep ROOT iconv-lite@0.7.2 OK for: body-parser@2.2.2 want: ^0.7.0
264 silly placeDep ROOT raw-body@3.0.2 OK for: body-parser@2.2.2 want: ^3.0.1
265 silly fetch manifest safer-buffer@>= 2.1.2 < 3.0.0
266 silly packumentCache full:https://registry.npmjs.org/safer-buffer cache-miss
267 silly fetch manifest unpipe@~1.0.0
268 silly packumentCache full:https://registry.npmjs.org/unpipe cache-miss
269 http fetch GET 200 https://registry.npmjs.org/unpipe 370ms (cache miss)
270 silly packumentCache full:https://registry.npmjs.org/unpipe set size:undefined disposed:false
271 http fetch GET 200 https://registry.npmjs.org/safer-buffer 391ms (cache miss)
272 silly packumentCache full:https://registry.npmjs.org/safer-buffer set size:undefined disposed:false
273 silly placeDep ROOT ms@2.1.3 OK for: debug@4.4.3 want: ^2.1.3
274 silly placeDep ROOT inherits@2.0.4 OK for: http-errors@2.0.1 want: ~2.0.4
275 silly placeDep ROOT setprototypeof@1.2.0 OK for: http-errors@2.0.1 want: ~1.2.0
276 silly placeDep ROOT toidentifier@1.0.1 OK for: http-errors@2.0.1 want: ~1.0.1
277 silly placeDep ROOT safer-buffer@2.1.2 OK for: iconv-lite@0.7.2 want: >= 2.1.2 < 3.0.0
278 silly placeDep ROOT mime-db@1.54.0 OK for: mime-types@3.0.2 want: ^1.54.0
279 silly placeDep ROOT ee-first@1.1.1 OK for: on-finished@2.4.1 want: 1.1.1
280 silly placeDep ROOT wrappy@1.0.2 OK for: once@1.4.0 want: 1
281 silly placeDep ROOT forwarded@0.2.0 OK for: proxy-addr@2.0.7 want: 0.2.0
282 silly placeDep ROOT ipaddr.js@1.9.1 OK for: proxy-addr@2.0.7 want: 1.9.1
283 silly placeDep ROOT side-channel@1.1.0 OK for: qs@6.15.1 want: ^1.1.0
284 silly fetch manifest es-errors@^1.3.0
285 silly packumentCache full:https://registry.npmjs.org/es-errors cache-miss
286 silly fetch manifest object-inspect@^1.13.3
287 silly packumentCache full:https://registry.npmjs.org/object-inspect cache-miss
288 silly fetch manifest side-channel-list@^1.0.0
289 silly packumentCache full:https://registry.npmjs.org/side-channel-list cache-miss
290 http fetch GET 200 https://registry.npmjs.org/object-inspect 376ms (cache miss)
291 silly packumentCache full:https://registry.npmjs.org/object-inspect set size:undefined disposed:false
292 silly fetch manifest side-channel-map@^1.0.1
293 silly packumentCache full:https://registry.npmjs.org/side-channel-map cache-miss
294 http fetch GET 200 https://registry.npmjs.org/es-errors 436ms (cache miss)
295 silly packumentCache full:https://registry.npmjs.org/es-errors set size:undefined disposed:false
296 silly fetch manifest side-channel-weakmap@^1.0.2
297 silly packumentCache full:https://registry.npmjs.org/side-channel-weakmap cache-miss
298 http fetch GET 200 https://registry.npmjs.org/side-channel-map 381ms (cache miss)
299 silly packumentCache full:https://registry.npmjs.org/side-channel-map set size:undefined disposed:false
300 http fetch GET 200 https://registry.npmjs.org/side-channel-list 1010ms (cache miss)
301 silly packumentCache full:https://registry.npmjs.org/side-channel-list set size:undefined disposed:false
302 http fetch GET 200 https://registry.npmjs.org/side-channel-weakmap 996ms (cache miss)
303 silly packumentCache full:https://registry.npmjs.org/side-channel-weakmap set size:undefined disposed:false
304 silly placeDep ROOT unpipe@1.0.0 OK for: raw-body@3.0.2 want: ~1.0.0
305 silly placeDep ROOT is-promise@4.0.0 OK for: router@2.2.0 want: ^4.0.0
306 silly placeDep ROOT path-to-regexp@8.4.2 OK for: router@2.2.0 want: ^8.0.0
307 silly placeDep ROOT es-errors@1.3.0 OK for: side-channel@1.1.0 want: ^1.3.0
308 silly placeDep ROOT object-inspect@1.13.4 OK for: side-channel@1.1.0 want: ^1.13.3
309 silly placeDep ROOT side-channel-list@1.0.1 OK for: side-channel@1.1.0 want: ^1.0.0
310 silly placeDep ROOT side-channel-map@1.0.1 OK for: side-channel@1.1.0 want: ^1.0.1
311 silly placeDep ROOT side-channel-weakmap@1.0.2 OK for: side-channel@1.1.0 want: ^1.0.2
312 silly fetch manifest call-bound@^1.0.2
313 silly packumentCache full:https://registry.npmjs.org/call-bound cache-miss
314 silly fetch manifest get-intrinsic@^1.2.5
315 silly packumentCache full:https://registry.npmjs.org/get-intrinsic cache-miss
316 silly fetch manifest call-bound@^1.0.2
317 silly packumentCache full:https://registry.npmjs.org/call-bound cache-miss
318 http fetch GET 200 https://registry.npmjs.org/call-bound 375ms (cache miss)
319 silly packumentCache full:https://registry.npmjs.org/call-bound set size:undefined disposed:false
320 silly fetch manifest get-intrinsic@^1.2.5
321 silly packumentCache full:https://registry.npmjs.org/get-intrinsic cache-miss
322 http fetch GET 200 https://registry.npmjs.org/get-intrinsic 380ms (cache miss)
323 silly packumentCache full:https://registry.npmjs.org/get-intrinsic set size:undefined disposed:false
324 http fetch GET 200 https://registry.npmjs.org/call-bound 385ms (cache miss)
325 silly packumentCache full:https://registry.npmjs.org/call-bound set size:undefined disposed:false
326 http cache https://registry.npmjs.org/get-intrinsic 14ms (cache hit)
327 silly packumentCache full:https://registry.npmjs.org/get-intrinsic set size:60985 disposed:false
328 silly placeDep ROOT call-bound@1.0.4 OK for: side-channel-map@1.0.1 want: ^1.0.2
329 silly placeDep ROOT get-intrinsic@1.3.0 OK for: side-channel-map@1.0.1 want: ^1.2.5
330 silly fetch manifest call-bind-apply-helpers@^1.0.2
331 silly packumentCache full:https://registry.npmjs.org/call-bind-apply-helpers cache-miss
332 silly fetch manifest get-intrinsic@^1.3.0
333 silly packumentCache full:https://registry.npmjs.org/get-intrinsic cache-hit
334 silly fetch manifest gopd@^1.2.0
335 silly packumentCache full:https://registry.npmjs.org/gopd cache-miss
336 silly fetch manifest hasown@^2.0.2
337 silly packumentCache full:https://registry.npmjs.org/hasown cache-miss
338 http fetch GET 200 https://registry.npmjs.org/gopd 369ms (cache miss)
339 silly packumentCache full:https://registry.npmjs.org/gopd set size:undefined disposed:false
340 silly fetch manifest get-proto@^1.0.1
341 silly packumentCache full:https://registry.npmjs.org/get-proto cache-miss
342 http fetch GET 200 https://registry.npmjs.org/hasown 376ms (cache miss)
343 silly packumentCache full:https://registry.npmjs.org/hasown set size:undefined disposed:false
344 silly fetch manifest has-symbols@^1.1.0
345 silly packumentCache full:https://registry.npmjs.org/has-symbols cache-miss
346 http fetch GET 200 https://registry.npmjs.org/has-symbols 393ms (cache miss)
347 silly packumentCache full:https://registry.npmjs.org/has-symbols set size:undefined disposed:false
348 silly fetch manifest function-bind@^1.1.2
349 silly packumentCache full:https://registry.npmjs.org/function-bind cache-miss
350 http fetch GET 200 https://registry.npmjs.org/get-proto 415ms (cache miss)
351 silly packumentCache full:https://registry.npmjs.org/get-proto set size:undefined disposed:false
352 silly fetch manifest es-object-atoms@^1.1.1
353 silly packumentCache full:https://registry.npmjs.org/es-object-atoms cache-miss
354 http fetch GET 200 https://registry.npmjs.org/call-bind-apply-helpers 1002ms (cache miss)
355 silly packumentCache full:https://registry.npmjs.org/call-bind-apply-helpers set size:undefined disposed:false
356 silly fetch manifest math-intrinsics@^1.1.0
357 silly packumentCache full:https://registry.npmjs.org/math-intrinsics cache-miss
358 http fetch GET 200 https://registry.npmjs.org/function-bind 402ms (cache miss)
359 silly packumentCache full:https://registry.npmjs.org/function-bind set size:undefined disposed:false
360 silly fetch manifest es-define-property@^1.0.1
361 silly packumentCache full:https://registry.npmjs.org/es-define-property cache-miss
362 http fetch GET 200 https://registry.npmjs.org/es-object-atoms 395ms (cache miss)
363 silly packumentCache full:https://registry.npmjs.org/es-object-atoms set size:undefined disposed:false
364 http fetch GET 200 https://registry.npmjs.org/math-intrinsics 367ms (cache miss)
365 silly packumentCache full:https://registry.npmjs.org/math-intrinsics set size:undefined disposed:false
366 http fetch GET 200 https://registry.npmjs.org/es-define-property 361ms (cache miss)
367 silly packumentCache full:https://registry.npmjs.org/es-define-property set size:undefined disposed:false
368 silly placeDep ROOT call-bind-apply-helpers@1.0.2 OK for: call-bound@1.0.4 want: ^1.0.2
369 silly placeDep ROOT function-bind@1.1.2 OK for: call-bind-apply-helpers@1.0.2 want: ^1.1.2
370 silly placeDep ROOT es-define-property@1.0.1 OK for: get-intrinsic@1.3.0 want: ^1.0.1
371 silly placeDep ROOT es-object-atoms@1.1.1 OK for: get-intrinsic@1.3.0 want: ^1.1.1
372 silly placeDep ROOT get-proto@1.0.1 OK for: get-intrinsic@1.3.0 want: ^1.0.1
373 silly placeDep ROOT gopd@1.2.0 OK for: get-intrinsic@1.3.0 want: ^1.2.0
374 silly placeDep ROOT has-symbols@1.1.0 OK for: get-intrinsic@1.3.0 want: ^1.1.0
375 silly placeDep ROOT hasown@2.0.2 OK for: get-intrinsic@1.3.0 want: ^2.0.2
376 silly placeDep ROOT math-intrinsics@1.1.0 OK for: get-intrinsic@1.3.0 want: ^1.1.0
377 silly fetch manifest dunder-proto@^1.0.1
378 silly packumentCache full:https://registry.npmjs.org/dunder-proto cache-miss
379 http fetch GET 200 https://registry.npmjs.org/dunder-proto 1039ms (cache miss)
380 silly packumentCache full:https://registry.npmjs.org/dunder-proto set size:undefined disposed:false
381 silly placeDep ROOT dunder-proto@1.0.1 OK for: get-proto@1.0.1 want: ^1.0.1
382 silly placeDep ROOT media-typer@1.1.0 OK for: type-is@2.0.1 want: ^1.1.0
383 silly reify moves {}
384 silly audit bulk request {
384 silly audit   cors: [ '2.8.6' ],
384 silly audit   express: [ '5.2.1' ],
384 silly audit   nodemailer: [ '8.0.5' ],
384 silly audit   'object-assign': [ '4.1.1' ],
384 silly audit   vary: [ '1.1.2' ],
384 silly audit   accepts: [ '2.0.0' ],
384 silly audit   'body-parser': [ '2.2.2' ],
384 silly audit   'content-disposition': [ '1.1.0' ],
384 silly audit   'content-type': [ '1.0.5' ],
384 silly audit   cookie: [ '0.7.2' ],
384 silly audit   'cookie-signature': [ '1.2.2' ],
384 silly audit   debug: [ '4.4.3' ],
384 silly audit   depd: [ '2.0.0' ],
384 silly audit   encodeurl: [ '2.0.0' ],
384 silly audit   'escape-html': [ '1.0.3' ],
384 silly audit   etag: [ '1.8.1' ],
384 silly audit   finalhandler: [ '2.1.1' ],
384 silly audit   fresh: [ '2.0.0' ],
384 silly audit   'http-errors': [ '2.0.1' ],
384 silly audit   'merge-descriptors': [ '2.0.0' ],
384 silly audit   'mime-types': [ '3.0.2' ],
384 silly audit   'on-finished': [ '2.4.1' ],
384 silly audit   once: [ '1.4.0' ],
384 silly audit   parseurl: [ '1.3.3' ],
384 silly audit   'proxy-addr': [ '2.0.7' ],
384 silly audit   qs: [ '6.15.1' ],
384 silly audit   'range-parser': [ '1.2.1' ],
384 silly audit   router: [ '2.2.0' ],
384 silly audit   send: [ '1.2.1' ],
384 silly audit   'serve-static': [ '2.2.1' ],
384 silly audit   statuses: [ '2.0.2' ],
384 silly audit   'type-is': [ '2.0.1' ],
384 silly audit   negotiator: [ '1.0.0' ],
384 silly audit   bytes: [ '3.1.2' ],
384 silly audit   'iconv-lite': [ '0.7.2' ],
384 silly audit   'raw-body': [ '3.0.2' ],
384 silly audit   ms: [ '2.1.3' ],
384 silly audit   inherits: [ '2.0.4' ],
384 silly audit   setprototypeof: [ '1.2.0' ],
384 silly audit   toidentifier: [ '1.0.1' ],
384 silly audit   'safer-buffer': [ '2.1.2' ],
384 silly audit   'mime-db': [ '1.54.0' ],
384 silly audit   'ee-first': [ '1.1.1' ],
384 silly audit   wrappy: [ '1.0.2' ],
384 silly audit   forwarded: [ '0.2.0' ],
384 silly audit   'ipaddr.js': [ '1.9.1' ],
384 silly audit   'side-channel': [ '1.1.0' ],
384 silly audit   unpipe: [ '1.0.0' ],
384 silly audit   'is-promise': [ '4.0.0' ],
384 silly audit   'path-to-regexp': [ '8.4.2' ],
384 silly audit   'es-errors': [ '1.3.0' ],
384 silly audit   'object-inspect': [ '1.13.4' ],
384 silly audit   'side-channel-list': [ '1.0.1' ],
384 silly audit   'side-channel-map': [ '1.0.1' ],
384 silly audit   'side-channel-weakmap': [ '1.0.2' ],
384 silly audit   'call-bound': [ '1.0.4' ],
384 silly audit   'get-intrinsic': [ '1.3.0' ],
384 silly audit   'call-bind-apply-helpers': [ '1.0.2' ],
384 silly audit   'function-bind': [ '1.1.2' ],
384 silly audit   'es-define-property': [ '1.0.1' ],
384 silly audit   'es-object-atoms': [ '1.1.1' ],
384 silly audit   'get-proto': [ '1.0.1' ],
384 silly audit   gopd: [ '1.2.0' ],
384 silly audit   'has-symbols': [ '1.1.0' ],
384 silly audit   hasown: [ '2.0.2' ],
384 silly audit   'math-intrinsics': [ '1.1.0' ],
384 silly audit   'dunder-proto': [ '1.0.1' ],
384 silly audit   'media-typer': [ '1.1.0' ]
384 silly audit }
385 http cache media-typer@https://registry.npmjs.org/media-typer/-/media-typer-1.1.0.tgz 0ms (cache hit)
386 http cache dunder-proto@https://registry.npmjs.org/dunder-proto/-/dunder-proto-1.0.1.tgz 0ms (cache hit)
387 http cache math-intrinsics@https://registry.npmjs.org/math-intrinsics/-/math-intrinsics-1.1.0.tgz 0ms (cache hit)
388 http cache hasown@https://registry.npmjs.org/hasown/-/hasown-2.0.2.tgz 0ms (cache hit)
389 http cache has-symbols@https://registry.npmjs.org/has-symbols/-/has-symbols-1.1.0.tgz 0ms (cache hit)
390 http cache gopd@https://registry.npmjs.org/gopd/-/gopd-1.2.0.tgz 0ms (cache hit)
391 http cache get-proto@https://registry.npmjs.org/get-proto/-/get-proto-1.0.1.tgz 0ms (cache hit)
392 http cache es-object-atoms@https://registry.npmjs.org/es-object-atoms/-/es-object-atoms-1.1.1.tgz 0ms (cache hit)
393 http cache es-define-property@https://registry.npmjs.org/es-define-property/-/es-define-property-1.0.1.tgz 0ms (cache hit)
394 http cache function-bind@https://registry.npmjs.org/function-bind/-/function-bind-1.1.2.tgz 0ms (cache hit)
395 http cache call-bind-apply-helpers@https://registry.npmjs.org/call-bind-apply-helpers/-/call-bind-apply-helpers-1.0.2.tgz 0ms (cache hit)
396 http cache get-intrinsic@https://registry.npmjs.org/get-intrinsic/-/get-intrinsic-1.3.0.tgz 0ms (cache hit)
397 http cache call-bound@https://registry.npmjs.org/call-bound/-/call-bound-1.0.4.tgz 0ms (cache hit)
398 http cache side-channel-weakmap@https://registry.npmjs.org/side-channel-weakmap/-/side-channel-weakmap-1.0.2.tgz 1ms (cache hit)
399 http cache side-channel-map@https://registry.npmjs.org/side-channel-map/-/side-channel-map-1.0.1.tgz 0ms (cache hit)
400 http cache side-channel-list@https://registry.npmjs.org/side-channel-list/-/side-channel-list-1.0.1.tgz 0ms (cache hit)
401 http cache object-inspect@https://registry.npmjs.org/object-inspect/-/object-inspect-1.13.4.tgz 0ms (cache hit)
402 http cache es-errors@https://registry.npmjs.org/es-errors/-/es-errors-1.3.0.tgz 0ms (cache hit)
403 http cache path-to-regexp@https://registry.npmjs.org/path-to-regexp/-/path-to-regexp-8.4.2.tgz 0ms (cache hit)
404 http cache is-promise@https://registry.npmjs.org/is-promise/-/is-promise-4.0.0.tgz 0ms (cache hit)
405 http cache unpipe@https://registry.npmjs.org/unpipe/-/unpipe-1.0.0.tgz 0ms (cache hit)
406 http cache side-channel@https://registry.npmjs.org/side-channel/-/side-channel-1.1.0.tgz 0ms (cache hit)
407 http cache ipaddr.js@https://registry.npmjs.org/ipaddr.js/-/ipaddr.js-1.9.1.tgz 0ms (cache hit)
408 http cache forwarded@https://registry.npmjs.org/forwarded/-/forwarded-0.2.0.tgz 0ms (cache hit)
409 http cache wrappy@https://registry.npmjs.org/wrappy/-/wrappy-1.0.2.tgz 0ms (cache hit)
410 http cache ee-first@https://registry.npmjs.org/ee-first/-/ee-first-1.1.1.tgz 0ms (cache hit)
411 http cache mime-db@https://registry.npmjs.org/mime-db/-/mime-db-1.54.0.tgz 0ms (cache hit)
412 http cache safer-buffer@https://registry.npmjs.org/safer-buffer/-/safer-buffer-2.1.2.tgz 0ms (cache hit)
413 http cache toidentifier@https://registry.npmjs.org/toidentifier/-/toidentifier-1.0.1.tgz 0ms (cache hit)
414 http cache setprototypeof@https://registry.npmjs.org/setprototypeof/-/setprototypeof-1.2.0.tgz 0ms (cache hit)
415 http cache ms@https://registry.npmjs.org/ms/-/ms-2.1.3.tgz 0ms (cache hit)
416 http cache iconv-lite@https://registry.npmjs.org/iconv-lite/-/iconv-lite-0.7.2.tgz 0ms (cache hit)
417 http cache raw-body@https://registry.npmjs.org/raw-body/-/raw-body-3.0.2.tgz 0ms (cache hit)
418 http cache negotiator@https://registry.npmjs.org/negotiator/-/negotiator-1.0.0.tgz 0ms (cache hit)
419 http cache bytes@https://registry.npmjs.org/bytes/-/bytes-3.1.2.tgz 0ms (cache hit)
420 http cache inherits@https://registry.npmjs.org/inherits/-/inherits-2.0.4.tgz 0ms (cache hit)
421 http cache type-is@https://registry.npmjs.org/type-is/-/type-is-2.0.1.tgz 0ms (cache hit)
422 http cache statuses@https://registry.npmjs.org/statuses/-/statuses-2.0.2.tgz 0ms (cache hit)
423 http cache serve-static@https://registry.npmjs.org/serve-static/-/serve-static-2.2.1.tgz 0ms (cache hit)
424 http cache send@https://registry.npmjs.org/send/-/send-1.2.1.tgz 0ms (cache hit)
425 http cache range-parser@https://registry.npmjs.org/range-parser/-/range-parser-1.2.1.tgz 0ms (cache hit)
426 http cache qs@https://registry.npmjs.org/qs/-/qs-6.15.1.tgz 0ms (cache hit)
427 http cache proxy-addr@https://registry.npmjs.org/proxy-addr/-/proxy-addr-2.0.7.tgz 0ms (cache hit)
428 http cache parseurl@https://registry.npmjs.org/parseurl/-/parseurl-1.3.3.tgz 0ms (cache hit)
429 http cache once@https://registry.npmjs.org/once/-/once-1.4.0.tgz 0ms (cache hit)
430 http cache on-finished@https://registry.npmjs.org/on-finished/-/on-finished-2.4.1.tgz 0ms (cache hit)
431 http cache mime-types@https://registry.npmjs.org/mime-types/-/mime-types-3.0.2.tgz 0ms (cache hit)
432 http cache merge-descriptors@https://registry.npmjs.org/merge-descriptors/-/merge-descriptors-2.0.0.tgz 0ms (cache hit)
433 http cache http-errors@https://registry.npmjs.org/http-errors/-/http-errors-2.0.1.tgz 1ms (cache hit)
434 http cache fresh@https://registry.npmjs.org/fresh/-/fresh-2.0.0.tgz 0ms (cache hit)
435 http cache finalhandler@https://registry.npmjs.org/finalhandler/-/finalhandler-2.1.1.tgz 0ms (cache hit)
436 http cache etag@https://registry.npmjs.org/etag/-/etag-1.8.1.tgz 0ms (cache hit)
437 http cache escape-html@https://registry.npmjs.org/escape-html/-/escape-html-1.0.3.tgz 0ms (cache hit)
438 http cache encodeurl@https://registry.npmjs.org/encodeurl/-/encodeurl-2.0.0.tgz 0ms (cache hit)
439 http cache depd@https://registry.npmjs.org/depd/-/depd-2.0.0.tgz 0ms (cache hit)
440 http cache debug@https://registry.npmjs.org/debug/-/debug-4.4.3.tgz 0ms (cache hit)
441 http cache cookie-signature@https://registry.npmjs.org/cookie-signature/-/cookie-signature-1.2.2.tgz 0ms (cache hit)
442 http cache cookie@https://registry.npmjs.org/cookie/-/cookie-0.7.2.tgz 0ms (cache hit)
443 http cache content-type@https://registry.npmjs.org/content-type/-/content-type-1.0.5.tgz 0ms (cache hit)
444 http cache content-disposition@https://registry.npmjs.org/content-disposition/-/content-disposition-1.1.0.tgz 0ms (cache hit)
445 http cache body-parser@https://registry.npmjs.org/body-parser/-/body-parser-2.2.2.tgz 0ms (cache hit)
446 http cache accepts@https://registry.npmjs.org/accepts/-/accepts-2.0.0.tgz 0ms (cache hit)
447 http cache object-assign@https://registry.npmjs.org/object-assign/-/object-assign-4.1.1.tgz 0ms (cache hit)
448 http cache vary@https://registry.npmjs.org/vary/-/vary-1.1.2.tgz 0ms (cache hit)
449 http cache nodemailer@https://registry.npmjs.org/nodemailer/-/nodemailer-8.0.5.tgz 0ms (cache hit)
450 http cache express@https://registry.npmjs.org/express/-/express-5.2.1.tgz 1ms (cache hit)
451 http cache router@https://registry.npmjs.org/router/-/router-2.2.0.tgz 0ms (cache hit)
452 http cache cors@https://registry.npmjs.org/cors/-/cors-2.8.6.tgz 0ms (cache hit)
453 silly tarball no local data for media-typer@https://registry.npmjs.org/media-typer/-/media-typer-1.1.0.tgz. Extracting by manifest.
454 silly tarball no local data for dunder-proto@https://registry.npmjs.org/dunder-proto/-/dunder-proto-1.0.1.tgz. Extracting by manifest.
455 silly tarball no local data for math-intrinsics@https://registry.npmjs.org/math-intrinsics/-/math-intrinsics-1.1.0.tgz. Extracting by manifest.
456 silly tarball no local data for hasown@https://registry.npmjs.org/hasown/-/hasown-2.0.2.tgz. Extracting by manifest.
457 silly tarball no local data for has-symbols@https://registry.npmjs.org/has-symbols/-/has-symbols-1.1.0.tgz. Extracting by manifest.
458 silly tarball no local data for gopd@https://registry.npmjs.org/gopd/-/gopd-1.2.0.tgz. Extracting by manifest.
459 silly tarball no local data for get-proto@https://registry.npmjs.org/get-proto/-/get-proto-1.0.1.tgz. Extracting by manifest.
460 silly tarball no local data for es-object-atoms@https://registry.npmjs.org/es-object-atoms/-/es-object-atoms-1.1.1.tgz. Extracting by manifest.
461 silly tarball no local data for es-define-property@https://registry.npmjs.org/es-define-property/-/es-define-property-1.0.1.tgz. Extracting by manifest.
462 silly tarball no local data for function-bind@https://registry.npmjs.org/function-bind/-/function-bind-1.1.2.tgz. Extracting by manifest.
463 silly tarball no local data for call-bind-apply-helpers@https://registry.npmjs.org/call-bind-apply-helpers/-/call-bind-apply-helpers-1.0.2.tgz. Extracting by manifest.
464 silly tarball no local data for get-intrinsic@https://registry.npmjs.org/get-intrinsic/-/get-intrinsic-1.3.0.tgz. Extracting by manifest.
465 silly tarball no local data for call-bound@https://registry.npmjs.org/call-bound/-/call-bound-1.0.4.tgz. Extracting by manifest.
466 silly tarball no local data for side-channel-weakmap@https://registry.npmjs.org/side-channel-weakmap/-/side-channel-weakmap-1.0.2.tgz. Extracting by manifest.
467 silly tarball no local data for side-channel-map@https://registry.npmjs.org/side-channel-map/-/side-channel-map-1.0.1.tgz. Extracting by manifest.
468 silly tarball no local data for side-channel-list@https://registry.npmjs.org/side-channel-list/-/side-channel-list-1.0.1.tgz. Extracting by manifest.
469 silly tarball no local data for object-inspect@https://registry.npmjs.org/object-inspect/-/object-inspect-1.13.4.tgz. Extracting by manifest.
470 silly tarball no local data for es-errors@https://registry.npmjs.org/es-errors/-/es-errors-1.3.0.tgz. Extracting by manifest.
471 silly tarball no local data for path-to-regexp@https://registry.npmjs.org/path-to-regexp/-/path-to-regexp-8.4.2.tgz. Extracting by manifest.
472 silly tarball no local data for is-promise@https://registry.npmjs.org/is-promise/-/is-promise-4.0.0.tgz. Extracting by manifest.
473 silly tarball no local data for unpipe@https://registry.npmjs.org/unpipe/-/unpipe-1.0.0.tgz. Extracting by manifest.
474 silly tarball no local data for side-channel@https://registry.npmjs.org/side-channel/-/side-channel-1.1.0.tgz. Extracting by manifest.
475 silly tarball no local data for ipaddr.js@https://registry.npmjs.org/ipaddr.js/-/ipaddr.js-1.9.1.tgz. Extracting by manifest.
476 silly tarball no local data for forwarded@https://registry.npmjs.org/forwarded/-/forwarded-0.2.0.tgz. Extracting by manifest.
477 silly tarball no local data for wrappy@https://registry.npmjs.org/wrappy/-/wrappy-1.0.2.tgz. Extracting by manifest.
478 silly tarball no local data for ee-first@https://registry.npmjs.org/ee-first/-/ee-first-1.1.1.tgz. Extracting by manifest.
479 silly tarball no local data for mime-db@https://registry.npmjs.org/mime-db/-/mime-db-1.54.0.tgz. Extracting by manifest.
480 silly tarball no local data for safer-buffer@https://registry.npmjs.org/safer-buffer/-/safer-buffer-2.1.2.tgz. Extracting by manifest.
481 silly tarball no local data for toidentifier@https://registry.npmjs.org/toidentifier/-/toidentifier-1.0.1.tgz. Extracting by manifest.
482 silly tarball no local data for setprototypeof@https://registry.npmjs.org/setprototypeof/-/setprototypeof-1.2.0.tgz. Extracting by manifest.
483 silly tarball no local data for ms@https://registry.npmjs.org/ms/-/ms-2.1.3.tgz. Extracting by manifest.
484 silly tarball no local data for iconv-lite@https://registry.npmjs.org/iconv-lite/-/iconv-lite-0.7.2.tgz. Extracting by manifest.
485 silly tarball no local data for raw-body@https://registry.npmjs.org/raw-body/-/raw-body-3.0.2.tgz. Extracting by manifest.
486 silly tarball no local data for negotiator@https://registry.npmjs.org/negotiator/-/negotiator-1.0.0.tgz. Extracting by manifest.
487 silly tarball no local data for bytes@https://registry.npmjs.org/bytes/-/bytes-3.1.2.tgz. Extracting by manifest.
488 silly tarball no local data for inherits@https://registry.npmjs.org/inherits/-/inherits-2.0.4.tgz. Extracting by manifest.
489 silly tarball no local data for type-is@https://registry.npmjs.org/type-is/-/type-is-2.0.1.tgz. Extracting by manifest.
490 silly tarball no local data for statuses@https://registry.npmjs.org/statuses/-/statuses-2.0.2.tgz. Extracting by manifest.
491 silly tarball no local data for serve-static@https://registry.npmjs.org/serve-static/-/serve-static-2.2.1.tgz. Extracting by manifest.
492 silly tarball no local data for send@https://registry.npmjs.org/send/-/send-1.2.1.tgz. Extracting by manifest.
493 silly tarball no local data for range-parser@https://registry.npmjs.org/range-parser/-/range-parser-1.2.1.tgz. Extracting by manifest.
494 silly tarball no local data for qs@https://registry.npmjs.org/qs/-/qs-6.15.1.tgz. Extracting by manifest.
495 silly tarball no local data for proxy-addr@https://registry.npmjs.org/proxy-addr/-/proxy-addr-2.0.7.tgz. Extracting by manifest.
496 silly tarball no local data for parseurl@https://registry.npmjs.org/parseurl/-/parseurl-1.3.3.tgz. Extracting by manifest.
497 silly tarball no local data for once@https://registry.npmjs.org/once/-/once-1.4.0.tgz. Extracting by manifest.
498 silly tarball no local data for on-finished@https://registry.npmjs.org/on-finished/-/on-finished-2.4.1.tgz. Extracting by manifest.
499 silly tarball no local data for mime-types@https://registry.npmjs.org/mime-types/-/mime-types-3.0.2.tgz. Extracting by manifest.
500 silly tarball no local data for merge-descriptors@https://registry.npmjs.org/merge-descriptors/-/merge-descriptors-2.0.0.tgz. Extracting by manifest.
501 silly tarball no local data for http-errors@https://registry.npmjs.org/http-errors/-/http-errors-2.0.1.tgz. Extracting by manifest.
502 silly tarball no local data for fresh@https://registry.npmjs.org/fresh/-/fresh-2.0.0.tgz. Extracting by manifest.
503 silly tarball no local data for finalhandler@https://registry.npmjs.org/finalhandler/-/finalhandler-2.1.1.tgz. Extracting by manifest.
504 silly tarball no local data for etag@https://registry.npmjs.org/etag/-/etag-1.8.1.tgz. Extracting by manifest.
505 silly tarball no local data for escape-html@https://registry.npmjs.org/escape-html/-/escape-html-1.0.3.tgz. Extracting by manifest.
506 silly tarball no local data for encodeurl@https://registry.npmjs.org/encodeurl/-/encodeurl-2.0.0.tgz. Extracting by manifest.
507 silly tarball no local data for depd@https://registry.npmjs.org/depd/-/depd-2.0.0.tgz. Extracting by manifest.
508 silly tarball no local data for debug@https://registry.npmjs.org/debug/-/debug-4.4.3.tgz. Extracting by manifest.
509 silly tarball no local data for cookie-signature@https://registry.npmjs.org/cookie-signature/-/cookie-signature-1.2.2.tgz. Extracting by manifest.
510 silly tarball no local data for cookie@https://registry.npmjs.org/cookie/-/cookie-0.7.2.tgz. Extracting by manifest.
511 silly tarball no local data for content-type@https://registry.npmjs.org/content-type/-/content-type-1.0.5.tgz. Extracting by manifest.
512 silly tarball no local data for content-disposition@https://registry.npmjs.org/content-disposition/-/content-disposition-1.1.0.tgz. Extracting by manifest.
513 silly tarball no local data for body-parser@https://registry.npmjs.org/body-parser/-/body-parser-2.2.2.tgz. Extracting by manifest.
514 silly tarball no local data for accepts@https://registry.npmjs.org/accepts/-/accepts-2.0.0.tgz. Extracting by manifest.
515 silly tarball no local data for object-assign@https://registry.npmjs.org/object-assign/-/object-assign-4.1.1.tgz. Extracting by manifest.
516 silly tarball no local data for vary@https://registry.npmjs.org/vary/-/vary-1.1.2.tgz. Extracting by manifest.
517 silly tarball no local data for nodemailer@https://registry.npmjs.org/nodemailer/-/nodemailer-8.0.5.tgz. Extracting by manifest.
518 silly tarball no local data for express@https://registry.npmjs.org/express/-/express-5.2.1.tgz. Extracting by manifest.
519 silly tarball no local data for router@https://registry.npmjs.org/router/-/router-2.2.0.tgz. Extracting by manifest.
520 silly tarball no local data for cors@https://registry.npmjs.org/cors/-/cors-2.8.6.tgz. Extracting by manifest.
521 http fetch GET 200 https://registry.npmjs.org/dunder-proto/-/dunder-proto-1.0.1.tgz 538ms (cache miss)
522 http fetch GET 200 https://registry.npmjs.org/side-channel-map/-/side-channel-map-1.0.1.tgz 564ms (cache miss)
523 http fetch GET 200 https://registry.npmjs.org/side-channel-list/-/side-channel-list-1.0.1.tgz 593ms (cache miss)
524 http fetch GET 200 https://registry.npmjs.org/ms/-/ms-2.1.3.tgz 688ms (cache miss)
525 http fetch GET 200 https://registry.npmjs.org/hasown/-/hasown-2.0.2.tgz 868ms (cache miss)
526 http fetch POST 200 https://registry.npmjs.org/-/npm/v1/security/advisories/bulk 1199ms
527 silly audit report {}
528 http fetch GET 200 https://registry.npmjs.org/unpipe/-/unpipe-1.0.0.tgz 1045ms (cache miss)
529 http fetch GET 200 https://registry.npmjs.org/es-define-property/-/es-define-property-1.0.1.tgz 1068ms (cache miss)
530 http fetch GET 200 https://registry.npmjs.org/side-channel-weakmap/-/side-channel-weakmap-1.0.2.tgz 1112ms (cache miss)
531 http fetch GET 200 https://registry.npmjs.org/gopd/-/gopd-1.2.0.tgz 1133ms (cache miss)
532 http fetch GET 200 https://registry.npmjs.org/call-bound/-/call-bound-1.0.4.tgz 1127ms (cache miss)
533 http fetch GET 200 https://registry.npmjs.org/wrappy/-/wrappy-1.0.2.tgz 1112ms (cache miss)
534 http fetch GET 200 https://registry.npmjs.org/get-intrinsic/-/get-intrinsic-1.3.0.tgz 1157ms (cache miss)
535 http fetch GET 200 https://registry.npmjs.org/side-channel/-/side-channel-1.1.0.tgz 1144ms (cache miss)
536 http fetch GET 200 https://registry.npmjs.org/forwarded/-/forwarded-0.2.0.tgz 1155ms (cache miss)
537 http fetch GET 200 https://registry.npmjs.org/is-promise/-/is-promise-4.0.0.tgz 1164ms (cache miss)
538 http fetch GET 200 https://registry.npmjs.org/function-bind/-/function-bind-1.1.2.tgz 1221ms (cache miss)
539 http fetch GET 200 https://registry.npmjs.org/toidentifier/-/toidentifier-1.0.1.tgz 1199ms (cache miss)
540 http fetch GET 200 https://registry.npmjs.org/setprototypeof/-/setprototypeof-1.2.0.tgz 1231ms (cache miss)
541 http fetch GET 200 https://registry.npmjs.org/get-proto/-/get-proto-1.0.1.tgz 1275ms (cache miss)
542 http fetch GET 200 https://registry.npmjs.org/path-to-regexp/-/path-to-regexp-8.4.2.tgz 1310ms (cache miss)
543 http fetch GET 200 https://registry.npmjs.org/es-object-atoms/-/es-object-atoms-1.1.1.tgz 1348ms (cache miss)
544 http fetch GET 200 https://registry.npmjs.org/media-typer/-/media-typer-1.1.0.tgz 1417ms (cache miss)
545 http fetch GET 200 https://registry.npmjs.org/inherits/-/inherits-2.0.4.tgz 1381ms (cache miss)
546 http fetch GET 200 https://registry.npmjs.org/type-is/-/type-is-2.0.1.tgz 1388ms (cache miss)
547 http fetch GET 200 https://registry.npmjs.org/raw-body/-/raw-body-3.0.2.tgz 1395ms (cache miss)
548 http fetch GET 200 https://registry.npmjs.org/bytes/-/bytes-3.1.2.tgz 1396ms (cache miss)
549 http fetch GET 200 https://registry.npmjs.org/safer-buffer/-/safer-buffer-2.1.2.tgz 1411ms (cache miss)
550 http fetch GET 200 https://registry.npmjs.org/has-symbols/-/has-symbols-1.1.0.tgz 1471ms (cache miss)
551 http fetch GET 200 https://registry.npmjs.org/range-parser/-/range-parser-1.2.1.tgz 1425ms (cache miss)
552 http fetch GET 200 https://registry.npmjs.org/serve-static/-/serve-static-2.2.1.tgz 1463ms (cache miss)
553 http fetch GET 200 https://registry.npmjs.org/call-bind-apply-helpers/-/call-bind-apply-helpers-1.0.2.tgz 1549ms (cache miss)
554 http fetch GET 200 https://registry.npmjs.org/ee-first/-/ee-first-1.1.1.tgz 1568ms (cache miss)
555 http fetch GET 200 https://registry.npmjs.org/mime-db/-/mime-db-1.54.0.tgz 1568ms (cache miss)
556 http fetch GET 200 https://registry.npmjs.org/es-errors/-/es-errors-1.3.0.tgz 1583ms (cache miss)
557 http fetch GET 200 https://registry.npmjs.org/statuses/-/statuses-2.0.2.tgz 1585ms (cache miss)
558 http fetch GET 200 https://registry.npmjs.org/merge-descriptors/-/merge-descriptors-2.0.0.tgz 1592ms (cache miss)
559 http fetch GET 200 https://registry.npmjs.org/proxy-addr/-/proxy-addr-2.0.7.tgz 1617ms (cache miss)
560 http fetch GET 200 https://registry.npmjs.org/cookie/-/cookie-0.7.2.tgz 1658ms (cache miss)
561 http fetch GET 200 https://registry.npmjs.org/fresh/-/fresh-2.0.0.tgz 1697ms (cache miss)
562 http fetch GET 200 https://registry.npmjs.org/ipaddr.js/-/ipaddr.js-1.9.1.tgz 1742ms (cache miss)
563 http fetch GET 200 https://registry.npmjs.org/finalhandler/-/finalhandler-2.1.1.tgz 1708ms (cache miss)
564 http fetch GET 200 https://registry.npmjs.org/http-errors/-/http-errors-2.0.1.tgz 1725ms (cache miss)
565 http fetch GET 200 https://registry.npmjs.org/object-assign/-/object-assign-4.1.1.tgz 1741ms (cache miss)
566 http fetch GET 200 https://registry.npmjs.org/debug/-/debug-4.4.3.tgz 1792ms (cache miss)
567 http fetch GET 200 https://registry.npmjs.org/depd/-/depd-2.0.0.tgz 1808ms (cache miss)
568 http fetch GET 200 https://registry.npmjs.org/negotiator/-/negotiator-1.0.0.tgz 1870ms (cache miss)
569 http fetch GET 200 https://registry.npmjs.org/math-intrinsics/-/math-intrinsics-1.1.0.tgz 1930ms (cache miss)
570 http fetch GET 200 https://registry.npmjs.org/send/-/send-1.2.1.tgz 1888ms (cache miss)
571 http fetch GET 200 https://registry.npmjs.org/qs/-/qs-6.15.1.tgz 1919ms (cache miss)
572 http fetch GET 200 https://registry.npmjs.org/content-type/-/content-type-1.0.5.tgz 1931ms (cache miss)
573 http fetch GET 200 https://registry.npmjs.org/object-inspect/-/object-inspect-1.13.4.tgz 2023ms (cache miss)
574 http fetch GET 200 https://registry.npmjs.org/accepts/-/accepts-2.0.0.tgz 2013ms (cache miss)
575 http fetch GET 200 https://registry.npmjs.org/parseurl/-/parseurl-1.3.3.tgz 2043ms (cache miss)
576 http fetch GET 200 https://registry.npmjs.org/once/-/once-1.4.0.tgz 2110ms (cache miss)
577 http fetch GET 200 https://registry.npmjs.org/on-finished/-/on-finished-2.4.1.tgz 2343ms (cache miss)
578 http fetch GET 200 https://registry.npmjs.org/body-parser/-/body-parser-2.2.2.tgz 2347ms (cache miss)
579 http fetch GET 200 https://registry.npmjs.org/escape-html/-/escape-html-1.0.3.tgz 2396ms (cache miss)
580 http fetch GET 200 https://registry.npmjs.org/vary/-/vary-1.1.2.tgz 2378ms (cache miss)
581 http fetch GET 200 https://registry.npmjs.org/etag/-/etag-1.8.1.tgz 2402ms (cache miss)
582 http fetch GET 200 https://registry.npmjs.org/mime-types/-/mime-types-3.0.2.tgz 2427ms (cache miss)
583 http fetch GET 200 https://registry.npmjs.org/encodeurl/-/encodeurl-2.0.0.tgz 2424ms (cache miss)
584 http fetch GET 200 https://registry.npmjs.org/iconv-lite/-/iconv-lite-0.7.2.tgz 2494ms (cache miss)
585 http fetch GET 200 https://registry.npmjs.org/cookie-signature/-/cookie-signature-1.2.2.tgz 2461ms (cache miss)
586 http fetch GET 200 https://registry.npmjs.org/express/-/express-5.2.1.tgz 2485ms (cache miss)
587 http fetch GET 200 https://registry.npmjs.org/content-disposition/-/content-disposition-1.1.0.tgz 2531ms (cache miss)
588 http fetch GET 200 https://registry.npmjs.org/nodemailer/-/nodemailer-8.0.5.tgz 2698ms (cache miss)
589 http fetch GET 200 https://registry.npmjs.org/router/-/router-2.2.0.tgz 2878ms (cache miss)
590 http fetch GET 200 https://registry.npmjs.org/cors/-/cors-2.8.6.tgz 2939ms (cache miss)
591 silly ADD node_modules/media-typer
592 silly ADD node_modules/dunder-proto
593 silly ADD node_modules/math-intrinsics
594 silly ADD node_modules/hasown
595 silly ADD node_modules/has-symbols
596 silly ADD node_modules/gopd
597 silly ADD node_modules/get-proto
598 silly ADD node_modules/es-object-atoms
599 silly ADD node_modules/es-define-property
600 silly ADD node_modules/function-bind
601 silly ADD node_modules/call-bind-apply-helpers
602 silly ADD node_modules/get-intrinsic
603 silly ADD node_modules/call-bound
604 silly ADD node_modules/side-channel-weakmap
605 silly ADD node_modules/side-channel-map
606 silly ADD node_modules/side-channel-list
607 silly ADD node_modules/object-inspect
608 silly ADD node_modules/es-errors
609 silly ADD node_modules/path-to-regexp
610 silly ADD node_modules/is-promise
611 silly ADD node_modules/unpipe
612 silly ADD node_modules/side-channel
613 silly ADD node_modules/ipaddr.js
614 silly ADD node_modules/forwarded
615 silly ADD node_modules/wrappy
616 silly ADD node_modules/ee-first
617 silly ADD node_modules/mime-db
618 silly ADD node_modules/safer-buffer
619 silly ADD node_modules/toidentifier
620 silly ADD node_modules/setprototypeof
621 silly ADD node_modules/inherits
622 silly ADD node_modules/ms
623 silly ADD node_modules/raw-body
624 silly ADD node_modules/iconv-lite
625 silly ADD node_modules/bytes
626 silly ADD node_modules/negotiator
627 silly ADD node_modules/type-is
628 silly ADD node_modules/statuses
629 silly ADD node_modules/serve-static
630 silly ADD node_modules/send
631 silly ADD node_modules/router
632 silly ADD node_modules/range-parser
633 silly ADD node_modules/qs
634 silly ADD node_modules/proxy-addr
635 silly ADD node_modules/parseurl
636 silly ADD node_modules/once
637 silly ADD node_modules/on-finished
638 silly ADD node_modules/mime-types
639 silly ADD node_modules/merge-descriptors
640 silly ADD node_modules/http-errors
641 silly ADD node_modules/fresh
642 silly ADD node_modules/finalhandler
643 silly ADD node_modules/etag
644 silly ADD node_modules/escape-html
645 silly ADD node_modules/encodeurl
646 silly ADD node_modules/depd
647 silly ADD node_modules/debug
648 silly ADD node_modules/cookie-signature
649 silly ADD node_modules/cookie
650 silly ADD node_modules/content-type
651 silly ADD node_modules/content-disposition
652 silly ADD node_modules/body-parser
653 silly ADD node_modules/accepts
654 silly ADD node_modules/vary
655 silly ADD node_modules/object-assign
656 silly ADD node_modules/nodemailer
657 silly ADD node_modules/express
658 silly ADD node_modules/cors
659 verbose cwd C:\Users\vlammode\Documents\نفس
660 verbose os Windows_NT 10.0.19045
661 verbose node v24.11.1
662 verbose npm  v11.12.1
663 verbose exit 0
664 info ok
